04-04-2023 10:03:59.889 [main] INFO  f.w.s.SpringCefimApplication.logStarting - Starting SpringCefimApplication using Java 19.0.2 with PID 12180 (C:\spring\cefim-spring\springcefim\out\production\classes started by weyte in C:\spring\cefim-spring)
04-04-2023 10:03:59.891 [main] INFO  f.w.s.SpringCefimApplication.logStartupProfileInfo - No active profile set, falling back to 1 default profile: "default"
04-04-2023 10:04:00.260 [main] INFO  o.s.d.r.c.RepositoryConfigurationDelegate.registerRepositoriesIn - Bootstrapping Spring Data JPA repositories in DEFAULT mode.
04-04-2023 10:04:00.273 [main] INFO  o.s.d.r.c.RepositoryConfigurationDelegate.registerRepositoriesIn - Finished Spring Data repository scanning in 8 ms. Found 0 JPA repository interfaces.
04-04-2023 10:04:00.554 [main] INFO  o.s.b.w.e.tomcat.TomcatWebServer.initialize - Tomcat initialized with port(s): 8080 (http)
04-04-2023 10:04:00.560 [main] INFO  o.a.coyote.http11.Http11NioProtocol.log - Initializing ProtocolHandler ["http-nio-8080"]
04-04-2023 10:04:00.561 [main] INFO  o.a.catalina.core.StandardService.log - Starting service [Tomcat]
04-04-2023 10:04:00.561 [main] INFO  o.a.catalina.core.StandardEngine.log - Starting Servlet engine: [Apache Tomcat/10.1.7]
04-04-2023 10:04:00.619 [main] INFO  o.a.c.c.C.[Tomcat].[localhost].[/].log - Initializing Spring embedded WebApplicationContext
04-04-2023 10:04:00.619 [main] INFO  o.s.b.w.s.c.ServletWebServerApplicationContext.prepareWebApplicationContext - Root WebApplicationContext: initialization completed in 702 ms
04-04-2023 10:04:00.715 [main] INFO  o.h.jpa.internal.util.LogHelper.logPersistenceUnitInformation - HHH000204: Processing PersistenceUnitInfo [name: default]
04-04-2023 10:04:00.745 [main] INFO  org.hibernate.Version.logVersion - HHH000412: Hibernate ORM core version 6.1.7.Final
04-04-2023 10:04:00.930 [main] INFO  com.zaxxer.hikari.HikariDataSource.getConnection - HikariPool-1 - Starting...
04-04-2023 10:04:00.933 [main] WARN  c.z.hikari.util.DriverDataSource.<init> - Registered driver with driverClassName=com.mysql.jdbc.Driver was not found, trying direct instantiation.
04-04-2023 10:04:01.027 [main] INFO  com.zaxxer.hikari.pool.HikariPool.checkFailFast - HikariPool-1 - Added connection com.mysql.cj.jdbc.ConnectionImpl@58601e7a
04-04-2023 10:04:01.029 [main] INFO  com.zaxxer.hikari.HikariDataSource.getConnection - HikariPool-1 - Start completed.
04-04-2023 10:04:01.059 [main] INFO  SQL dialect.logSelectedDialect - HHH000400: Using dialect: org.hibernate.dialect.MySQLDialect
04-04-2023 10:04:01.238 [main] INFO  o.h.e.t.j.p.i.JtaPlatformInitiator.initiateService - HHH000490: Using JtaPlatform implementation: [org.hibernate.engine.transaction.jta.platform.internal.NoJtaPlatform]
04-04-2023 10:04:01.246 [main] INFO  o.s.o.j.LocalContainerEntityManagerFactoryBean.buildNativeEntityManagerFactory - Initialized JPA EntityManagerFactory for persistence unit 'default'
04-04-2023 10:04:01.288 [main] WARN  o.s.b.a.o.j.JpaBaseConfiguration$JpaWebConfiguration.openEntityManagerInViewInterceptor - spring.jpa.open-in-view is enabled by default. Therefore, database queries may be performed during view rendering. Explicitly configure spring.jpa.open-in-view to disable this warning
04-04-2023 10:04:01.470 [main] INFO  o.a.coyote.http11.Http11NioProtocol.log - Starting ProtocolHandler ["http-nio-8080"]
04-04-2023 10:04:01.485 [main] INFO  o.s.b.w.e.tomcat.TomcatWebServer.start - Tomcat started on port(s): 8080 (http) with context path ''
04-04-2023 10:04:01.490 [main] INFO  f.w.s.SpringCefimApplication.logStarted - Started SpringCefimApplication in 1.809 seconds (process running for 2.328)
04-04-2023 10:04:16.925 [SpringApplicationShutdownHook] INFO  o.s.o.j.LocalContainerEntityManagerFactoryBean.destroy - Closing JPA EntityManagerFactory for persistence unit 'default'
04-04-2023 10:04:16.926 [SpringApplicationShutdownHook] INFO  com.zaxxer.hikari.HikariDataSource.close - HikariPool-1 - Shutdown initiated...
04-04-2023 10:04:16.932 [SpringApplicationShutdownHook] INFO  com.zaxxer.hikari.HikariDataSource.close - HikariPool-1 - Shutdown completed.
