03-04-2023 16:11:14.788 [main] INFO  f.w.s.SpringCefimApplicationTests.logStarting - Starting SpringCefimApplicationTests using Java 19.0.2 with PID 7420 (started by weyte in C:\Users\weyte\Downloads\springcefim\springcefim)
03-04-2023 16:11:14.789 [main] INFO  f.w.s.SpringCefimApplicationTests.logStartupProfileInfo - No active profile set, falling back to 1 default profile: "default"
03-04-2023 16:11:15.235 [main] INFO  o.s.d.r.c.RepositoryConfigurationDelegate.registerRepositoriesIn - Bootstrapping Spring Data JPA repositories in DEFAULT mode.
03-04-2023 16:11:15.249 [main] INFO  o.s.d.r.c.RepositoryConfigurationDelegate.registerRepositoriesIn - Finished Spring Data repository scanning in 8 ms. Found 0 JPA repository interfaces.
03-04-2023 16:11:15.573 [main] INFO  o.h.jpa.internal.util.LogHelper.logPersistenceUnitInformation - HHH000204: Processing PersistenceUnitInfo [name: default]
03-04-2023 16:11:15.616 [main] INFO  org.hibernate.Version.logVersion - HHH000412: Hibernate ORM core version 6.1.7.Final
03-04-2023 16:11:15.905 [main] INFO  com.zaxxer.hikari.HikariDataSource.getConnection - HikariPool-1 - Starting...
03-04-2023 16:11:15.910 [main] WARN  c.z.hikari.util.DriverDataSource.<init> - Registered driver with driverClassName=com.mysql.jdbc.Driver was not found, trying direct instantiation.
03-04-2023 16:11:16.066 [main] INFO  com.zaxxer.hikari.pool.HikariPool.checkFailFast - HikariPool-1 - Added connection com.mysql.cj.jdbc.ConnectionImpl@62e73ab6
03-04-2023 16:11:16.067 [main] INFO  com.zaxxer.hikari.HikariDataSource.getConnection - HikariPool-1 - Start completed.
03-04-2023 16:11:16.117 [main] INFO  SQL dialect.logSelectedDialect - HHH000400: Using dialect: org.hibernate.dialect.MySQLDialect
03-04-2023 16:11:16.337 [main] INFO  o.h.e.t.j.p.i.JtaPlatformInitiator.initiateService - HHH000490: Using JtaPlatform implementation: [org.hibernate.engine.transaction.jta.platform.internal.NoJtaPlatform]
03-04-2023 16:11:16.347 [main] INFO  o.s.o.j.LocalContainerEntityManagerFactoryBean.buildNativeEntityManagerFactory - Initialized JPA EntityManagerFactory for persistence unit 'default'
03-04-2023 16:11:16.446 [main] WARN  o.s.b.a.o.j.JpaBaseConfiguration$JpaWebConfiguration.openEntityManagerInViewInterceptor - spring.jpa.open-in-view is enabled by default. Therefore, database queries may be performed during view rendering. Explicitly configure spring.jpa.open-in-view to disable this warning
03-04-2023 16:11:16.726 [main] INFO  o.s.b.t.m.w.SpringBootMockServletContext.log - Initializing Spring TestDispatcherServlet ''
03-04-2023 16:11:16.727 [main] INFO  o.s.t.w.s.TestDispatcherServlet.initServletBean - Initializing Servlet ''
03-04-2023 16:11:16.727 [main] INFO  o.s.t.w.s.TestDispatcherServlet.initServletBean - Completed initialization in 0 ms
03-04-2023 16:11:16.748 [main] INFO  f.w.s.SpringCefimApplicationTests.logStarted - Started SpringCefimApplicationTests in 2.121 seconds (process running for 3.082)
03-04-2023 16:11:17.073 [main] INFO  f.w.springcefim.HelloController.testDatabase - Connexion à la base de données réussie : avis - clients - produits
03-04-2023 16:11:17.089 [SpringApplicationShutdownHook] INFO  o.s.o.j.LocalContainerEntityManagerFactoryBean.destroy - Closing JPA EntityManagerFactory for persistence unit 'default'
03-04-2023 16:11:17.090 [SpringApplicationShutdownHook] INFO  com.zaxxer.hikari.HikariDataSource.close - HikariPool-1 - Shutdown initiated...
03-04-2023 16:11:17.095 [SpringApplicationShutdownHook] INFO  com.zaxxer.hikari.HikariDataSource.close - HikariPool-1 - Shutdown completed.
